
*** Running vivado
    with args -log nes_top.vds -m64 -product Vivado -mode batch -messageDb vivado.pb -notrace -source nes_top.tcl



****** Vivado v2022.2 (64-bit)
  **** SW Build 3671981 on Fri Oct 14 05:00:03 MDT 2022
  **** IP Build 3669848 on Fri Oct 14 08:30:02 MDT 2022
    ** Copyright 1986-2022 Xilinx, Inc. All Rights Reserved.

source nes_top.tcl -notrace
INFO: [IP_Flow 19-234] Refreshing IP repositories
INFO: [IP_Flow 19-1700] Loaded user IP repository 'c:/Users/carri/ECE_385/NES_Emulator/custom_ip'.
INFO: [IP_Flow 19-2313] Loaded Vivado IP repository 'C:/Xilinx/Vivado/2022.2/data/ip'.
Command: read_checkpoint -auto_incremental -incremental C:/Users/carri/ECE_385/NES_Emulator/NES_Emulator.srcs/utils_1/imports/synth_1/mb_usb_hdmi_top.dcp
INFO: [Vivado 12-5825] Read reference checkpoint from C:/Users/carri/ECE_385/NES_Emulator/NES_Emulator.srcs/utils_1/imports/synth_1/mb_usb_hdmi_top.dcp for incremental synthesis
INFO: [Vivado 12-7989] Please ensure there are no constraint changes
Command: synth_design -top nes_top -part xc7s50csga324-1
Starting synth_design
Attempting to get a license for feature 'Synthesis' and/or device 'xc7s50'
INFO: [Common 17-349] Got license for feature 'Synthesis' and/or device 'xc7s50'
INFO: [Device 21-403] Loading part xc7s50csga324-1
INFO: [Designutils 20-5440] No compile time benefit to using incremental synthesis; A full resynthesis will be run
INFO: [Designutils 20-4379] Flow is switching to default flow due to incremental criteria not met. If you would like to alter this behaviour and have the flow terminate instead, please set the following parameter config_implementation {autoIncr.Synth.RejectBehavior Terminate}
INFO: [Synth 8-7079] Multithreading enabled for synth_design using a maximum of 2 processes.
INFO: [Synth 8-7078] Launching helper process for spawning children vivado processes
INFO: [Synth 8-7075] Helper process launched with PID 1928
INFO: [Synth 8-11241] undeclared symbol 'REGCCE', assumed default net type 'wire' [C:/Xilinx/Vivado/2022.2/data/verilog/src/unimacro/BRAM_SINGLE_MACRO.v:2170]
ERROR: [Synth 8-36] 'cpu_data_in' is not declared [C:/Users/carri/ECE_385/NES_Emulator/NES_Emulator.srcs/sources_1/new/mapper0.sv:65]
INFO: [Synth 8-10285] module 'mapper0' is ignored due to previous errors [C:/Users/carri/ECE_385/NES_Emulator/NES_Emulator.srcs/sources_1/new/mapper0.sv:113]
INFO: [Synth 8-9084] Verilog file 'C:/Users/carri/ECE_385/NES_Emulator/NES_Emulator.srcs/sources_1/new/mapper0.sv' ignored due to errors
Failed to read verilog 'C:/Users/carri/ECE_385/NES_Emulator/NES_Emulator.srcs/sources_1/new/mapper0.sv'
INFO: [Common 17-83] Releasing license: Synthesis
16 Infos, 0 Warnings, 0 Critical Warnings and 2 Errors encountered.
synth_design failed
ERROR: [Common 17-69] Command failed: Synthesis failed - please see the console or run log file for details
INFO: [Common 17-206] Exiting Vivado at Fri Apr 17 00:36:49 2026...
