12:49:25 DEBUG : Logs will be stored at 'C:/Users/carri/ECE_385/NES_Emulator/workspace/IDE.log'.
12:49:28 INFO  : Launching XSCT server: xsct.bat -n  -interactive C:\Users\carri\ECE_385\NES_Emulator\workspace\temp_xsdb_launch_script.tcl
12:49:28 INFO  : Platform repository initialization has completed.
12:49:28 INFO  : Registering command handlers for Vitis TCF services
12:49:36 INFO  : XSCT server has started successfully.
12:49:37 INFO  : plnx-install-location is set to ''
12:49:37 INFO  : Successfully done setting XSCT server connection channel  
12:49:37 INFO  : Successfully done query RDI_DATADIR 
12:49:37 INFO  : Successfully done setting workspace for the tool. 
12:51:19 INFO  : Result from executing command 'getProjects': nes_top
12:51:19 INFO  : Result from executing command 'getPlatforms': 
12:51:19 WARN  : An unexpected exception occurred in the module 'platform project logging'
12:51:19 INFO  : Platform 'nes_top' is added to custom repositories.
12:51:24 INFO  : Platform 'nes_top' is added to custom repositories.
12:54:52 DEBUG : Logs will be stored at 'C:/Users/carri/ECE_385/NES_Emulator/workspace/IDE.log'.
12:54:53 INFO  : Launching XSCT server: xsct.bat -n  -interactive C:\Users\carri\ECE_385\NES_Emulator\workspace\temp_xsdb_launch_script.tcl
12:54:54 INFO  : Platform repository initialization has completed.
12:54:54 INFO  : Registering command handlers for Vitis TCF services
12:54:55 INFO  : XSCT server has started successfully.
12:54:55 INFO  : plnx-install-location is set to ''
12:54:55 INFO  : Successfully done setting XSCT server connection channel  
12:54:55 INFO  : Successfully done query RDI_DATADIR 
12:54:55 INFO  : Successfully done setting workspace for the tool. 
13:52:43 DEBUG : Logs will be stored at 'C:/Users/carri/ECE_385/NES_Emulator/workspace/IDE.log'.
13:52:43 INFO  : Launching XSCT server: xsct.bat -n  -interactive C:\Users\carri\ECE_385\NES_Emulator\workspace\temp_xsdb_launch_script.tcl
13:52:44 INFO  : Platform repository initialization has completed.
13:52:45 INFO  : Registering command handlers for Vitis TCF services
13:52:45 INFO  : XSCT server has started successfully.
13:52:45 INFO  : plnx-install-location is set to ''
13:52:45 INFO  : Successfully done setting XSCT server connection channel  
13:52:45 INFO  : Successfully done query RDI_DATADIR 
13:52:45 INFO  : Successfully done setting workspace for the tool. 
13:53:56 DEBUG : Logs will be stored at 'C:/Users/carri/ECE_385/NES_Emulator/workspace/IDE.log'.
13:53:56 INFO  : Launching XSCT server: xsct.bat -n  -interactive C:\Users\carri\ECE_385\NES_Emulator\workspace\temp_xsdb_launch_script.tcl
13:53:57 INFO  : Platform repository initialization has completed.
13:53:58 INFO  : Registering command handlers for Vitis TCF services
13:53:58 INFO  : XSCT server has started successfully.
13:53:59 INFO  : plnx-install-location is set to ''
13:53:59 INFO  : Successfully done setting XSCT server connection channel  
13:53:59 INFO  : Successfully done query RDI_DATADIR 
13:53:59 INFO  : Successfully done setting workspace for the tool. 
13:54:05 INFO  : Result from executing command 'getProjects': nes_top
13:54:05 INFO  : Result from executing command 'getPlatforms': nes_top|C:/Users/carri/ECE_385/NES_Emulator/workspace/nes_top/export/nes_top/nes_top.xpfm
13:54:05 INFO  : Checking for BSP changes to sync application flags for project 'NES_emulator'...
14:02:54 INFO  : Hardware specification for platform project 'nes_top' is updated.
14:03:05 INFO  : Result from executing command 'removePlatformRepo': 
14:03:10 INFO  : Result from executing command 'getProjects': nes_top
14:03:10 INFO  : Result from executing command 'getPlatforms': 
14:03:10 INFO  : Checking for BSP changes to sync application flags for project 'NES_emulator'...
14:03:10 INFO  : Updating application flags with new BSP settings...
14:03:11 INFO  : Successfully updated application flags for project NES_emulator.
14:03:11 INFO  : The hardware specification used by project 'NES_emulator' is out of sync with the platform. Resource files extracted from the hardware specification will be updated.
14:03:11 INFO  : The file 'C:\Users\carri\ECE_385\NES_Emulator\workspace\NES_emulator\_ide\bitstream\mb_usb_hdmi_top.bit' stored in project is removed.
14:03:11 INFO  : The file 'C:\Users\carri\ECE_385\NES_Emulator\workspace\NES_emulator\_ide\bitstream\mb_usb_hdmi_top.mmi' stored in project is removed.
14:03:11 INFO  : The updated bitstream files are copied from platform to folder 'C:\Users\carri\ECE_385\NES_Emulator\workspace\NES_emulator\_ide\bitstream' in project 'NES_emulator'.
14:03:26 INFO  : Checking for BSP changes to sync application flags for project 'NES_emulator'...
21:43:20 DEBUG : Logs will be stored at 'C:/Users/carri/ECE_385/NES_Emulator/workspace/IDE.log'.
21:43:20 INFO  : Launching XSCT server: xsct.bat -n  -interactive C:\Users\carri\ECE_385\NES_Emulator\workspace\temp_xsdb_launch_script.tcl
21:43:21 INFO  : Platform repository initialization has completed.
21:43:22 INFO  : Registering command handlers for Vitis TCF services
21:43:22 INFO  : XSCT server has started successfully.
21:43:22 INFO  : Successfully done setting XSCT server connection channel  
21:43:26 INFO  : plnx-install-location is set to ''
21:43:26 INFO  : Successfully done setting workspace for the tool. 
21:43:26 INFO  : Successfully done query RDI_DATADIR 
21:43:44 INFO  : Hardware specification for platform project 'nes_top' is updated.
21:43:57 INFO  : Result from executing command 'removePlatformRepo': 
21:44:32 INFO  : Result from executing command 'getProjects': nes_top
21:44:32 INFO  : Result from executing command 'getPlatforms': 
21:44:33 INFO  : Checking for BSP changes to sync application flags for project 'NES_emulator'...
21:44:35 INFO  : The hardware specification used by project 'NES_emulator' is out of sync with the platform. Resource files extracted from the hardware specification will be updated.
21:44:35 INFO  : The file 'C:\Users\carri\ECE_385\NES_Emulator\workspace\NES_emulator\_ide\bitstream\nes_top.bit' stored in project is removed.
21:44:35 INFO  : The file 'C:\Users\carri\ECE_385\NES_Emulator\workspace\NES_emulator\_ide\bitstream\nes_top.mmi' stored in project is removed.
21:44:36 INFO  : The updated bitstream files are copied from platform to folder 'C:\Users\carri\ECE_385\NES_Emulator\workspace\NES_emulator\_ide\bitstream' in project 'NES_emulator'.
21:44:57 INFO  : Connected to target on host '127.0.0.1' and port '3121'.
21:44:57 INFO  : Jtag cable 'RealDigital Boo 88710000000FA' is selected.
21:44:57 INFO  : 'jtag frequency' command is executed.
21:44:57 INFO  : 'targets -set -filter {jtag_cable_name =~ "RealDigital Boo 88710000000FA" && level==0 && jtag_device_ctx=="jsn1-0362f093-0"}' command is executed.
21:44:58 INFO  : Device configured successfully with "C:/Users/carri/ECE_385/NES_Emulator/workspace/NES_emulator/_ide/bitstream/nes_top.bit"
21:44:59 INFO  : Context for processor 'microblaze_0' is selected.
21:44:59 INFO  : Hardware design and registers information is loaded from 'C:/Users/carri/ECE_385/NES_Emulator/workspace/nes_top/export/nes_top/hw/nes_top.xsa'.
21:44:59 INFO  : 'configparams mdm-detect-bscan-mask 2' command is executed.
21:44:59 INFO  : Context for processor 'microblaze_0' is selected.
21:44:59 INFO  : System reset is completed.
21:45:02 INFO  : 'after 3000' command is executed.
21:45:02 INFO  : Context for processor 'microblaze_0' is selected.
21:45:02 INFO  : The application 'C:/Users/carri/ECE_385/NES_Emulator/workspace/NES_emulator/Debug/NES_emulator.elf' is downloaded to processor 'microblaze_0'.
21:45:02 INFO  : ----------------XSDB Script----------------
connect -url tcp:127.0.0.1:3121
targets -set -filter {jtag_cable_name =~ "RealDigital Boo 88710000000FA" && level==0 && jtag_device_ctx=="jsn1-0362f093-0"}
fpga -file C:/Users/carri/ECE_385/NES_Emulator/workspace/NES_emulator/_ide/bitstream/nes_top.bit
targets -set -nocase -filter {name =~ "*microblaze*#0" && bscan=="USER2" }
loadhw -hw C:/Users/carri/ECE_385/NES_Emulator/workspace/nes_top/export/nes_top/hw/nes_top.xsa -regs
configparams mdm-detect-bscan-mask 2
targets -set -nocase -filter {name =~ "*microblaze*#0" && bscan=="USER2" }
rst -system
after 3000
targets -set -nocase -filter {name =~ "*microblaze*#0" && bscan=="USER2" }
dow C:/Users/carri/ECE_385/NES_Emulator/workspace/NES_emulator/Debug/NES_emulator.elf
----------------End of Script----------------

21:45:02 INFO  : Context for processor 'microblaze_0' is selected.
21:45:02 INFO  : 'con' command is executed.
21:45:02 INFO  : ----------------XSDB Script (After Launch)----------------
targets -set -nocase -filter {name =~ "*microblaze*#0" && bscan=="USER2" }
con
----------------End of Script----------------

21:45:02 INFO  : Launch script is exported to file 'C:\Users\carri\ECE_385\NES_Emulator\workspace\NES_emulator_system\_ide\scripts\debugger_nes_emulator-default.tcl'
22:38:56 INFO  : Checking for BSP changes to sync application flags for project 'NES_emulator'...
22:39:03 INFO  : Checking for BSP changes to sync application flags for project 'NES_emulator'...
22:39:08 INFO  : Checking for BSP changes to sync application flags for project 'NES_emulator'...
22:40:48 INFO  : Hardware specification for platform project 'nes_top' is updated.
22:40:56 INFO  : Result from executing command 'removePlatformRepo': 
22:41:02 INFO  : Result from executing command 'getProjects': nes_top
22:41:02 INFO  : Result from executing command 'getPlatforms': 
22:41:02 INFO  : Checking for BSP changes to sync application flags for project 'NES_emulator'...
22:41:02 INFO  : Updating application flags with new BSP settings...
22:41:02 INFO  : Successfully updated application flags for project NES_emulator.
22:41:04 INFO  : The hardware specification used by project 'NES_emulator' is out of sync with the platform. Resource files extracted from the hardware specification will be updated.
22:41:04 INFO  : The file 'C:\Users\carri\ECE_385\NES_Emulator\workspace\NES_emulator\_ide\bitstream\nes_top.bit' stored in project is removed.
22:41:04 INFO  : The file 'C:\Users\carri\ECE_385\NES_Emulator\workspace\NES_emulator\_ide\bitstream\nes_top.mmi' stored in project is removed.
22:41:04 INFO  : The updated bitstream files are copied from platform to folder 'C:\Users\carri\ECE_385\NES_Emulator\workspace\NES_emulator\_ide\bitstream' in project 'NES_emulator'.
22:41:49 INFO  : Disconnected from the channel tcfchan#3.
22:41:50 INFO  : CPU Number not found for processor microblaze_0, defaulting to 0 
22:41:50 INFO  : Connected to target on host '127.0.0.1' and port '3121'.
22:41:50 INFO  : Bscan info not found for microblaze  microblaze_0, defaulting to 2 
22:41:50 INFO  : Bscan info not found for microblaze  microblaze_0, defaulting to 2 
22:41:50 INFO  : Bscan info not found for microblaze  microblaze_0, defaulting to 2 
22:41:50 INFO  : Bscan info not found for microblaze  microblaze_0, defaulting to 2 
22:41:50 INFO  : Jtag cable 'RealDigital Boo 88710000000FA' is selected.
22:41:50 INFO  : 'jtag frequency' command is executed.
22:41:50 INFO  : 'targets -set -filter {jtag_cable_name =~ "RealDigital Boo 88710000000FA" && level==0 && jtag_device_ctx=="jsn1-0362f093-0"}' command is executed.
22:41:52 INFO  : Device configured successfully with "C:/Users/carri/ECE_385/NES_Emulator/workspace/NES_emulator/_ide/bitstream/nes_top.bit"
22:41:52 INFO  : Context for processor 'microblaze_0' is selected.
22:41:52 ERROR : can't read "map": no such variable
22:41:52 INFO  : ----------------XSDB Script----------------
connect -url tcp:127.0.0.1:3121
targets -set -filter {jtag_cable_name =~ "RealDigital Boo 88710000000FA" && level==0 && jtag_device_ctx=="jsn1-0362f093-0"}
fpga -file C:/Users/carri/ECE_385/NES_Emulator/workspace/NES_emulator/_ide/bitstream/nes_top.bit
targets -set -nocase -filter {name =~ "*microblaze*#0" && bscan=="USER2" }
loadhw -hw C:/Users/carri/ECE_385/NES_Emulator/workspace/nes_top/export/nes_top/hw/nes_top.xsa -regs
----------------End of Script----------------

22:41:52 ERROR : can't read "map": no such variable
22:41:56 INFO  : Connected to target on host '127.0.0.1' and port '3121'.
22:41:56 INFO  : Bscan info not found for microblaze  microblaze_0, defaulting to 2 
22:41:56 INFO  : Bscan info not found for microblaze  microblaze_0, defaulting to 2 
22:41:56 INFO  : Bscan info not found for microblaze  microblaze_0, defaulting to 2 
22:41:56 INFO  : Bscan info not found for microblaze  microblaze_0, defaulting to 2 
22:41:57 INFO  : Jtag cable 'RealDigital Boo 88710000000FA' is selected.
22:41:57 INFO  : 'jtag frequency' command is executed.
22:41:57 INFO  : 'targets -set -filter {jtag_cable_name =~ "RealDigital Boo 88710000000FA" && level==0 && jtag_device_ctx=="jsn1-0362f093-0"}' command is executed.
22:41:58 INFO  : Device configured successfully with "C:/Users/carri/ECE_385/NES_Emulator/workspace/NES_emulator/_ide/bitstream/nes_top.bit"
22:41:58 INFO  : Context for processor 'microblaze_0' is selected.
22:41:58 ERROR : can't read "map": no such variable
22:41:58 INFO  : ----------------XSDB Script----------------
connect -url tcp:127.0.0.1:3121
targets -set -filter {jtag_cable_name =~ "RealDigital Boo 88710000000FA" && level==0 && jtag_device_ctx=="jsn1-0362f093-0"}
fpga -file C:/Users/carri/ECE_385/NES_Emulator/workspace/NES_emulator/_ide/bitstream/nes_top.bit
targets -set -nocase -filter {name =~ "*microblaze*#0" && bscan=="USER2" }
loadhw -hw C:/Users/carri/ECE_385/NES_Emulator/workspace/nes_top/export/nes_top/hw/nes_top.xsa -regs
----------------End of Script----------------

22:41:58 ERROR : can't read "map": no such variable
